[2015-05-14 19:15:16 +0300]  [Service started]
.
[2015-05-14 19:15:19 +0300] http://travel.org.ua/forums/./viewtopic.php?f=55&t=103050&sid=33900e64e81d12f782d990561e090d00 [продам куртки,штани millet.]
[2015-05-14 19:15:20 +0300] http://travel.org.ua/forums/./viewtopic.php?f=55&t=103156&sid=33900e64e81d12f782d990561e090d00 [Одежда icebreaker,mammut,снизил цену]
[2015-05-14 19:15:20 +0300] http://travel.org.ua/forums/./viewtopic.php?f=55&t=98971&sid=33900e64e81d12f782d990561e090d00 [Трекинговые брюки Propper,  Redington, новые, размеры.]
[2015-05-14 19:15:20 +0300] http://travel.org.ua/forums/./viewtopic.php?f=55&t=103539&sid=33900e64e81d12f782d990561e090d00 [Чоловіча курточка Mammut]
[2015-05-14 19:15:20 +0300] http://travel.org.ua/forums/./viewtopic.php?f=55&t=103246&sid=33900e64e81d12f782d990561e090d00 [Куртка женская софтшелл]
[2015-05-14 19:15:21 +0300] http://travel.org.ua/forums/./viewtopic.php?f=55&t=103537&sid=33900e64e81d12f782d990561e090d00 [Бриджи женские Mammut mountain]
[2015-05-14 19:15:21 +0300] http://travel.org.ua/forums/./viewtopic.php?f=55&t=103428&sid=33900e64e81d12f782d990561e090d00 [Продам флиску из Polartec TNF, велокуртку и кепку.]
[2015-05-14 19:15:21 +0300] http://travel.org.ua/forums/./viewtopic.php?f=55&t=97094&sid=33900e64e81d12f782d990561e090d00 [Штаны мембранные Marmot PreCip M]
[2015-05-14 19:15:21 +0300] http://travel.org.ua/forums/./viewtopic.php?f=55&t=103527&sid=33900e64e81d12f782d990561e090d00 [Курточка marmot жіноча]
[2015-05-14 19:15:22 +0300] http://travel.org.ua/forums/./viewtopic.php?f=55&t=102829&sid=33900e64e81d12f782d990561e090d00 [Продам одежду от Craft, The North Face, Jack Wolfskin и др.]
[2015-05-14 19:15:22 +0300] http://travel.org.ua/forums/./viewtopic.php?f=55&t=101931&sid=33900e64e81d12f782d990561e090d00 [Куртка мужская утепленная Marmot Trient Jacket, XL (новая)]
[2015-05-14 19:15:22 +0300] http://travel.org.ua/forums/./viewtopic.php?f=55&t=103522&sid=33900e64e81d12f782d990561e090d00 [Теплый флис Mammut Polar Jacket]
[2015-05-14 19:15:22 +0300] http://travel.org.ua/forums/./viewtopic.php?f=55&t=102616&sid=33900e64e81d12f782d990561e090d00 [новые трекинговые брюки шорты The North Face]
[2015-05-14 19:15:23 +0300] http://travel.org.ua/forums/./viewtopic.php?f=55&t=66067&sid=33900e64e81d12f782d990561e090d00 [Пуховая куртка.Пуховый жилет.Пуховые штаны.]
[2015-05-14 19:15:23 +0300] http://travel.org.ua/forums/./viewtopic.php?f=55&t=80907&sid=33900e64e81d12f782d990561e090d00 [Продам новую ветровку The North Face Altimont]
[2015-05-14 19:15:23 +0300] http://travel.org.ua/forums/./viewtopic.php?f=55&t=103143&sid=33900e64e81d12f782d990561e090d00 [Продам велоштаны Exodus]
[2015-05-14 19:15:23 +0300] http://travel.org.ua/forums/./viewtopic.php?f=55&t=103061&sid=33900e64e81d12f782d990561e090d00 [продам куртка Karrimor Mens Alpiniste Soft Shell]
[2015-05-14 19:15:24 +0300] http://travel.org.ua/forums/./viewtopic.php?f=55&t=101527&sid=33900e64e81d12f782d990561e090d00 [Куртка Columbia]
[2015-05-14 19:15:24 +0300] http://travel.org.ua/forums/./viewtopic.php?f=55&t=101526&sid=33900e64e81d12f782d990561e090d00 [Куртка Columbia Titanium]
[2015-05-14 19:15:24 +0300] http://travel.org.ua/forums/./viewtopic.php?f=55&t=100914&sid=33900e64e81d12f782d990561e090d00 [Флисовые кофты, жилеты Haglöfs, Lafuma, Millet, Salewa]
[2015-05-14 19:15:24 +0300] http://travel.org.ua/forums/./viewtopic.php?f=55&t=103268&sid=af7c19c7ca35d03758cd0c4f1ca39c1d [куртка брит. арм. DCTA]
[2015-05-14 19:15:25 +0300] http://travel.org.ua/forums/./viewtopic.php?f=55&t=94956&sid=af7c19c7ca35d03758cd0c4f1ca39c1d [New мужские и женские куртки и штаны Millet, Eider, Oxbow]
[2015-05-14 19:15:25 +0300] http://travel.org.ua/forums/./viewtopic.php?f=55&t=103514&sid=af7c19c7ca35d03758cd0c4f1ca39c1d [Мужская куртка Regatta Great Outdoors]
[2015-05-14 19:15:25 +0300] http://travel.org.ua/forums/./viewtopic.php?f=55&t=103512&sid=af7c19c7ca35d03758cd0c4f1ca39c1d [Женская куртка Regatta]
[2015-05-14 19:15:25 +0300] http://travel.org.ua/forums/./viewtopic.php?f=55&t=89455&sid=af7c19c7ca35d03758cd0c4f1ca39c1d [Продам штаны Mammut ,The North Face,Vaude. Обновил 11.05]
[2015-05-14 19:15:26 +0300] http://travel.org.ua/forums/./viewtopic.php?f=55&t=97698&sid=af7c19c7ca35d03758cd0c4f1ca39c1d [Штани Columbia Omniheat XL нові 55 у.о.]
[2015-05-14 19:15:26 +0300] http://travel.org.ua/forums/./viewtopic.php?f=55&t=103504&sid=af7c19c7ca35d03758cd0c4f1ca39c1d [мужская куртка Millet Lake Thermal Jkt]
[2015-05-14 19:15:26 +0300] http://travel.org.ua/forums/./viewtopic.php?f=55&t=94866&sid=af7c19c7ca35d03758cd0c4f1ca39c1d [Термобілизна та штани з Polartec PowerDry, Classic 200, S-XL]
[2015-05-14 19:15:26 +0300] http://travel.org.ua/forums/./viewtopic.php?f=55&t=91635&sid=af7c19c7ca35d03758cd0c4f1ca39c1d [Продам брюки Columbia, 5.11 и другие штаны США]
[2015-05-14 19:15:26 +0300] http://travel.org.ua/forums/./viewtopic.php?f=55&t=101049&sid=af7c19c7ca35d03758cd0c4f1ca39c1d [Продам штаны,кофты Обновил 10.05]
[2015-05-14 19:15:27 +0300] http://travel.org.ua/forums/./viewtopic.php?f=55&t=101226&sid=af7c19c7ca35d03758cd0c4f1ca39c1d [Куртка пуховая. Размер M и L.]
[2015-05-14 19:15:27 +0300] http://travel.org.ua/forums/./viewtopic.php?f=55&t=102183&sid=af7c19c7ca35d03758cd0c4f1ca39c1d [Продам термофутболку TNF и флисовый шарф Barts.]
[2015-05-14 19:15:27 +0300] http://travel.org.ua/forums/./viewtopic.php?f=55&t=102827&sid=af7c19c7ca35d03758cd0c4f1ca39c1d [штаны Mammut женские (р.42) новые, цена 350 грн]
[2015-05-14 19:15:27 +0300] http://travel.org.ua/forums/./viewtopic.php?f=55&t=101124&sid=af7c19c7ca35d03758cd0c4f1ca39c1d [Продам термофутболки Berghaus, Millet]
[2015-05-14 19:15:28 +0300] http://travel.org.ua/forums/./viewtopic.php?f=55&t=100212&sid=af7c19c7ca35d03758cd0c4f1ca39c1d [Куртка-пуховик Obermeyer, новая, оригинал.]
[2015-05-14 19:15:28 +0300] http://travel.org.ua/forums/./viewtopic.php?f=55&t=103470&sid=af7c19c7ca35d03758cd0c4f1ca39c1d [Ветрозащитный флис Nasty Polartec флис Mammut, Cathexis]
[2015-05-14 19:15:28 +0300] http://travel.org.ua/forums/./viewtopic.php?f=55&t=103469&sid=af7c19c7ca35d03758cd0c4f1ca39c1d [Женская куртка Tresspass Мужская жилетка К-Тес]
[2015-05-14 19:15:28 +0300] http://travel.org.ua/forums/./viewtopic.php?f=55&t=103466&sid=af7c19c7ca35d03758cd0c4f1ca39c1d [Штаны женские для зимних видов спорта Phenix IcePeak]
[2015-05-14 19:15:29 +0300] http://travel.org.ua/forums/./viewtopic.php?f=55&t=95770&sid=af7c19c7ca35d03758cd0c4f1ca39c1d [Продам лижні та туристичні штани і куртки]
[2015-05-14 19:15:29 +0300] http://travel.org.ua/forums/./viewtopic.php?f=55&t=98544&sid=af7c19c7ca35d03758cd0c4f1ca39c1d [Продам бриджы salomon,protest]
[2015-05-14 19:15:29 +0300] http://travel.org.ua/forums/./viewtopic.php?f=56&t=102761&sid=e6ad25f0065877c4090896d5db16b42b [Продам новые кроссовки Teva, Keen, Puma, The North Face]
[2015-05-14 19:15:29 +0300] http://travel.org.ua/forums/./viewtopic.php?f=56&t=103069&sid=e6ad25f0065877c4090896d5db16b42b [продам жіночі la sportiva nepal top 39р.]
[2015-05-14 19:15:30 +0300] http://travel.org.ua/forums/./viewtopic.php?f=56&t=88455&sid=e6ad25f0065877c4090896d5db16b42b [Продам Ботинки, Кроссовки Scarpa, Mammut. Цены снижено.]
[2015-05-14 19:15:30 +0300] http://travel.org.ua/forums/./viewtopic.php?f=56&t=103089&sid=e6ad25f0065877c4090896d5db16b42b [Продам горные Туристические ботинки Trezeta Everest Pro 45р.]
[2015-05-14 19:15:30 +0300] http://travel.org.ua/forums/./viewtopic.php?f=56&t=101564&sid=e6ad25f0065877c4090896d5db16b42b [Продам трекінгові черевики Meindl (Gore-Tex XCR, 38 розм.)]
[2015-05-14 19:15:30 +0300] http://travel.org.ua/forums/./viewtopic.php?f=56&t=96873&sid=e6ad25f0065877c4090896d5db16b42b [Meindl Air Revolution Lite Trekking Boots gore-tex]
[2015-05-14 19:15:31 +0300] http://travel.org.ua/forums/./viewtopic.php?f=56&t=103495&sid=e6ad25f0065877c4090896d5db16b42b [Куплю кроссовки Scarpa Zen до 1000грн]
[2015-05-14 19:15:31 +0300] http://travel.org.ua/forums/./viewtopic.php?f=56&t=76865&sid=e6ad25f0065877c4090896d5db16b42b [Продам мужские ботинки Hi-Tec Natal Mid Waterproof  28см]
[2015-05-14 19:15:31 +0300] http://travel.org.ua/forums/./viewtopic.php?f=56&t=95486&sid=e6ad25f0065877c4090896d5db16b42b [Продам ботинки сандалии salomon uvex scarpa и другие]
[2015-05-14 19:15:31 +0300] http://travel.org.ua/forums/./viewtopic.php?f=56&t=103312&sid=e6ad25f0065877c4090896d5db16b42b [Кроссовки Scarpa, AKU, Salewa, Garmont, Salomon, Columbia]
[2015-05-14 19:15:32 +0300] http://travel.org.ua/forums/./viewtopic.php?f=56&t=92183&sid=e6ad25f0065877c4090896d5db16b42b [Продам туристичне взуття Salomon, Teva, Lowa, The North Face]
[2015-05-14 19:15:32 +0300] http://travel.org.ua/forums/./viewtopic.php?f=57&t=102748&sid=bc248b33ff2e458092128c6d06eb54ca [Туристические и городские рюкзаки Outlander]
[2015-05-14 19:15:32 +0300] http://travel.org.ua/forums/./viewtopic.php?f=57&t=103250&sid=bc248b33ff2e458092128c6d06eb54ca [Рюкзак Black Diamond Octane новый (30 литров, размер L)]
[2015-05-14 19:15:32 +0300] http://travel.org.ua/forums/./viewtopic.php?f=57&t=103125&sid=bc248b33ff2e458092128c6d06eb54ca [Продам рюкзак Терра Инкогнита, Tour 35]
[2015-05-14 19:15:33 +0300] http://travel.org.ua/forums/./viewtopic.php?f=57&t=103427&sid=bc248b33ff2e458092128c6d06eb54ca [летний спальник (вес 730g) Vaude Sioux 100]
[2015-05-14 19:15:33 +0300] http://travel.org.ua/forums/./viewtopic.php?f=57&t=99380&sid=bc248b33ff2e458092128c6d06eb54ca [Продам рюкзаки Osprey (Обновлено)]
[2015-05-14 19:15:33 +0300] http://travel.org.ua/forums/./viewtopic.php?f=57&t=92557&sid=bc248b33ff2e458092128c6d06eb54ca [Военные рюкзаки Assault, тактическая сумка]
[2015-05-14 19:15:33 +0300] http://travel.org.ua/forums/./viewtopic.php?f=57&t=103001&sid=bc248b33ff2e458092128c6d06eb54ca [Продам спальник Deuter Sphere 1050]
[2015-05-14 19:15:33 +0300] http://travel.org.ua/forums/./viewtopic.php?f=57&t=103200&sid=bc248b33ff2e458092128c6d06eb54ca [Продам самонадувающийся коврик Therm-a-Rest prolite™ plus]
[2015-05-14 19:15:34 +0300] http://travel.org.ua/forums/./viewtopic.php?f=57&t=103369&sid=bc248b33ff2e458092128c6d06eb54ca [Детский спальник(от 0 до 2лет)  Karrimor Hibernate Mini]
[2015-05-14 19:15:34 +0300] http://travel.org.ua/forums/./viewtopic.php?f=57&t=103059&sid=bc248b33ff2e458092128c6d06eb54ca [Спальник детско-подростковый Hiker JR X3]
[2015-05-14 19:15:34 +0300] http://travel.org.ua/forums/./viewtopic.php?f=57&t=102995&sid=bc248b33ff2e458092128c6d06eb54ca [Продам спальники Climb by Camp (compact piuma).]
[2015-05-14 19:15:34 +0300] http://travel.org.ua/forums/./viewtopic.php?f=57&t=102353&sid=bc248b33ff2e458092128c6d06eb54ca [Палатка MSR Hubba Hubba NX Solo, нова]
[2015-05-14 19:15:35 +0300] http://travel.org.ua/forums/./viewtopic.php?f=57&t=103221&sid=bc248b33ff2e458092128c6d06eb54ca [Продам рюкзак водозащищённый Streetcoach 25л (добавил фото)]
[2015-05-14 19:15:35 +0300] http://travel.org.ua/forums/./viewtopic.php?f=57&t=88852&sid=bc248b33ff2e458092128c6d06eb54ca [Продам рюкзаки Lowe Alpine  Matrix 24 серия Mountain Art]
[2015-05-14 19:15:35 +0300] http://travel.org.ua/forums/./viewtopic.php?f=57&t=102842&sid=bc248b33ff2e458092128c6d06eb54ca [New рюкзак Oregon 60 L , Deuter Schmusebär kids]
[2015-05-14 19:15:35 +0300] http://travel.org.ua/forums/./viewtopic.php?f=57&t=75895&sid=bc248b33ff2e458092128c6d06eb54ca [Пуховый спальник, конденсатник, бивачный мешок.]
[2015-05-14 19:15:36 +0300] http://travel.org.ua/forums/./viewtopic.php?f=57&t=103487&sid=bc248b33ff2e458092128c6d06eb54ca [Продаються спальники Deuter dream lite 300,Pinguin safari.]
[2015-05-14 19:15:36 +0300] http://travel.org.ua/forums/./viewtopic.php?f=57&t=103261&sid=bc248b33ff2e458092128c6d06eb54ca [Продам палатки,спальники,рюкзаки, аксессуары Распродажа.]
[2015-05-14 19:15:36 +0300] http://travel.org.ua/forums/./viewtopic.php?f=57&t=103465&sid=bc248b33ff2e458092128c6d06eb54ca [Продам рюкзак OSPREY Xenith 75 M Grey]
[2015-05-14 19:15:36 +0300] http://travel.org.ua/forums/./viewtopic.php?f=57&t=93227&sid=bc248b33ff2e458092128c6d06eb54ca [Продам рюкзаки, туристичні аксесуари (БАФи, бахіли,рукавиці)]
[2015-05-14 19:15:37 +0300] http://travel.org.ua/forums/./viewtopic.php?f=57&t=99917&sid=bc248b33ff2e458092128c6d06eb54ca [Продам рюкзак на раме прибл. 70 литров]
[2015-05-14 19:15:37 +0300] http://travel.org.ua/forums/./viewtopic.php?f=57&t=103236&sid=bc248b33ff2e458092128c6d06eb54ca [Продам Новую палатку Marmot Tungsten 2]
[2015-05-14 19:15:37 +0300] http://travel.org.ua/forums/./viewtopic.php?f=57&t=101639&sid=bc248b33ff2e458092128c6d06eb54ca [Продам рюкзак Deuter Futura Pro 42]
[2015-05-14 19:15:37 +0300] http://travel.org.ua/forums/./viewtopic.php?f=57&t=100743&sid=bc248b33ff2e458092128c6d06eb54ca [Рюкзак  Fox Born Free-Backpack, новый, 26-28 л.]
[2015-05-14 19:15:38 +0300] http://travel.org.ua/forums/./viewtopic.php?f=57&t=103286&sid=bc248b33ff2e458092128c6d06eb54ca [Продам Рюкзак Slazenger (Англия)]
[2015-05-14 19:15:38 +0300] http://travel.org.ua/forums/./viewtopic.php?f=61&t=84047&sid=4ddd11befe428bbef1b23f21c8a3bd4a [Продам термос Primus, Thermos, ложку Sea to Summit]
[2015-05-14 19:15:38 +0300] http://travel.org.ua/forums/./viewtopic.php?f=61&t=103509&sid=4ddd11befe428bbef1b23f21c8a3bd4a [Легкоходная титановая горелка BRS-3000T вес 25 грамм]
[2015-05-14 19:15:38 +0300] http://travel.org.ua/forums/./viewtopic.php?f=61&t=102855&sid=4ddd11befe428bbef1b23f21c8a3bd4a [Продам_Горелка газовая туристическая Camping Mini]
[2015-05-14 19:15:39 +0300] http://travel.org.ua/forums/./viewtopic.php?f=60&t=99138&sid=9358ed0929f8a3ea1a500d880442d820 [Экстрим экшн камера SJ4000 (конкурент GoPro). Оригинал!]
[2015-05-14 19:15:39 +0300] http://travel.org.ua/forums/./viewtopic.php?f=60&t=92314&sid=9358ed0929f8a3ea1a500d880442d820 [Продам фонарики и лампы Black Diamond и Petzl]
[2015-05-14 19:15:39 +0300] http://travel.org.ua/forums/./viewtopic.php?f=60&t=102217&sid=9358ed0929f8a3ea1a500d880442d820 [Куплю фонарь black diamond spot]
[2015-05-14 19:15:39 +0300] http://travel.org.ua/forums/./viewtopic.php?f=60&t=103257&sid=9358ed0929f8a3ea1a500d880442d820 [Продам: Фонарь Black Diamond Cosmo]
[2015-05-14 19:15:40 +0300] http://travel.org.ua/forums/./viewtopic.php?f=60&t=90485&sid=9358ed0929f8a3ea1a500d880442d820 [Экшн-камеры GoPro Hero3 Silver и Black Edition]
[2015-05-14 19:15:40 +0300] http://travel.org.ua/forums/./viewtopic.php?f=60&t=103204&sid=9358ed0929f8a3ea1a500d880442d820 [Продам рации Midland GX12]
[2015-05-14 19:15:40 +0300] http://travel.org.ua/forums/./viewtopic.php?f=60&t=96335&sid=9358ed0929f8a3ea1a500d880442d820 [Фонари Black Diamond, Petzl, Mammut, новые]
[2015-05-14 19:15:40 +0300] http://travel.org.ua/forums/./viewtopic.php?f=60&t=102222&sid=4785d9887320bebbdf18f11244c93191 [Рации/Радиостанции Baofeng UV5R]
[2015-05-14 19:15:41 +0300] http://travel.org.ua/forums/./viewtopic.php?f=60&t=102566&sid=4785d9887320bebbdf18f11244c93191 [Продам кемпінговий Ліхтар Black Diamond Titan]
[2015-05-14 19:15:41 +0300] http://travel.org.ua/forums/./viewtopic.php?f=60&t=102565&sid=4785d9887320bebbdf18f11244c93191 [Продам налобний ліхтарик Petzl Zipka 2]
[2015-05-14 19:15:41 +0300] http://travel.org.ua/forums/./viewtopic.php?f=60&t=102206&sid=4785d9887320bebbdf18f11244c93191 [Лавинный биппер Mammut Element]
[2015-05-14 19:15:41 +0300] http://travel.org.ua/forums/./viewtopic.php?f=60&t=100894&sid=4785d9887320bebbdf18f11244c93191 [Продам GoPro Hero 3+ Black Edition]
[2015-05-14 19:15:42 +0300] http://travel.org.ua/forums/./viewtopic.php?f=60&t=100343&sid=4785d9887320bebbdf18f11244c93191 [Кейс, сумка для GoPro]
[2015-05-14 19:15:42 +0300] http://travel.org.ua/forums/./viewtopic.php?f=60&t=95429&sid=4785d9887320bebbdf18f11244c93191 [Продам Лампу Black Diamond Orbit]
[2015-05-14 19:15:42 +0300] http://travel.org.ua/forums/./viewtopic.php?f=60&t=100369&sid=4785d9887320bebbdf18f11244c93191 [Продам годинник-GPS GT-900 pro]
[2015-05-14 19:15:42 +0300] http://travel.org.ua/forums/./viewtopic.php?f=60&t=100264&sid=4785d9887320bebbdf18f11244c93191 [Продам GoPro Hero 2]
[2015-05-14 19:15:43 +0300] http://travel.org.ua/forums/./viewtopic.php?f=63&t=103516&sid=0e5d11b306e301ea8e6e33196fe29223 [Продам 2 HMS карабина CT]
[2015-05-14 19:15:43 +0300] http://travel.org.ua/forums/./viewtopic.php?f=63&t=102178&sid=0e5d11b306e301ea8e6e33196fe29223 [Продам карабины black diamond mini pearabiner]
[2015-05-14 19:15:43 +0300] http://travel.org.ua/forums/./viewtopic.php?f=63&t=85312&sid=0e5d11b306e301ea8e6e33196fe29223 [Для альпинизма и спелео: беседки, карабины, спусковые]
[2015-05-14 19:15:43 +0300] http://travel.org.ua/forums/./viewtopic.php?f=63&t=101677&sid=0e5d11b306e301ea8e6e33196fe29223 [Продам страховочное, ледовый инструмент, оттяжки, карабины и]
[2015-05-14 19:15:44 +0300] http://travel.org.ua/forums/./viewtopic.php?f=63&t=89147&sid=0e5d11b306e301ea8e6e33196fe29223 [Продам каски Black Diamond, магнезию, мешочки.]
[2015-05-14 19:15:44 +0300] http://travel.org.ua/forums/./viewtopic.php?f=63&t=103071&sid=0e5d11b306e301ea8e6e33196fe29223 [Кошки мягкие новые Grivel Monte Rosa (аналог Grivel G10)]
[2015-05-14 19:15:44 +0300] http://travel.org.ua/forums/./viewtopic.php?f=63&t=103077&sid=0e5d11b306e301ea8e6e33196fe29223 [Продам два карабина h.m.s. screw и экстрактор]
[2015-05-14 19:15:44 +0300] http://travel.org.ua/forums/./viewtopic.php?f=63&t=102625&sid=0e5d11b306e301ea8e6e33196fe29223 [Скальники Scarpa Veloce]
[2015-05-14 19:15:44 +0300] http://travel.org.ua/forums/./viewtopic.php?f=63&t=103188&sid=0e5d11b306e301ea8e6e33196fe29223 [Куплю деталь каски Petzl Vertex]
[2015-05-14 19:15:45 +0300] http://travel.org.ua/forums/./viewtopic.php?f=63&t=103179&sid=0e5d11b306e301ea8e6e33196fe29223 [продам  Жумар Petzl Ascension Left]
[2015-05-14 19:15:45 +0300] http://travel.org.ua/forums/./viewtopic.php?f=63&t=102133&sid=0e5d11b306e301ea8e6e33196fe29223 [Продам кошки Grivel G12, полуавтоматы]
[2015-05-14 19:15:45 +0300] http://travel.org.ua/forums/./viewtopic.php?f=63&t=103132&sid=0e5d11b306e301ea8e6e33196fe29223 [Куплю карабіни]
[2015-05-14 19:15:45 +0300] http://travel.org.ua/forums/./viewtopic.php?f=63&t=99184&sid=0e5d11b306e301ea8e6e33196fe29223 [Продам ботинки, кошки, веревку, закладки, скальные туфли]
[2015-05-14 19:15:46 +0300] http://travel.org.ua/forums/./viewtopic.php?f=63&t=101817&sid=0e5d11b306e301ea8e6e33196fe29223 [Куплю кошки  полу - автомат б/у .]
[2015-05-14 19:15:46 +0300] http://travel.org.ua/forums/./viewtopic.php?f=63&t=102231&sid=0e5d11b306e301ea8e6e33196fe29223 [Спусковий пристрій Wild Country VC Pro 2]
[2015-05-14 19:15:46 +0300] http://travel.org.ua/forums/./viewtopic.php?f=63&t=99951&sid=0e5d11b306e301ea8e6e33196fe29223 [Ледоруб Kong,каска СТ,система FA,петли rock empire,карабины]
[2015-05-14 19:15:46 +0300] http://travel.org.ua/forums/./viewtopic.php?f=63&t=102516&sid=0e5d11b306e301ea8e6e33196fe29223 [Продам жумар Petzl Ascension Work]
[2015-05-14 19:15:47 +0300] http://travel.org.ua/forums/./viewtopic.php?f=63&t=102307&sid=0e5d11b306e301ea8e6e33196fe29223 [Продаю новые жумары, шанты и блочки Petzl]
[2015-05-14 19:15:47 +0300] http://travel.org.ua/forums/./viewtopic.php?f=63&t=102191&sid=0e5d11b306e301ea8e6e33196fe29223 [Карабины (not for climbing)]
[2015-05-14 19:15:47 +0300] http://travel.org.ua/forums/./viewtopic.php?f=63&t=102114&sid=0e5d11b306e301ea8e6e33196fe29223 [Куплю недорого карабины автомат]
[2015-05-14 19:15:47 +0300] http://travel.org.ua/forums/./viewtopic.php?f=63&t=102047&sid=3b840a2d4bf029d223865baf510a737d [Ботинки пластиковые Scarpa Omega]
[2015-05-14 19:15:48 +0300] http://travel.org.ua/forums/./viewtopic.php?f=63&t=101800&sid=3b840a2d4bf029d223865baf510a737d [Куплю карабины б/у автомат недорого]
[2015-05-14 19:15:48 +0300] http://travel.org.ua/forums/./viewtopic.php?f=63&t=100950&sid=3b840a2d4bf029d223865baf510a737d [продам скальные туфли Scarpa Booster б/у]
[2015-05-14 19:15:48 +0300] http://travel.org.ua/forums/./viewtopic.php?f=63&t=101493&sid=3b840a2d4bf029d223865baf510a737d [Куплю Кошки и Ледорубы]
[2015-05-14 19:15:48 +0300] http://travel.org.ua/forums/./viewtopic.php?f=63&t=100008&sid=3b840a2d4bf029d223865baf510a737d [Продам ледовые буры Black Diamond Turbo Ice Screw 22 cm]
[2015-05-14 19:15:49 +0300] http://travel.org.ua/forums/./viewtopic.php?f=63&t=97802&sid=3b840a2d4bf029d223865baf510a737d [Продам ледобуры титановые, кошки под рант]
[2015-05-14 19:15:49 +0300] http://travel.org.ua/forums/./viewtopic.php?f=63&t=99339&sid=3b840a2d4bf029d223865baf510a737d [Petzl ascension и Gri-Gri]
[2015-05-14 19:15:49 +0300] http://travel.org.ua/forums/./viewtopic.php?f=63&t=100630&sid=3b840a2d4bf029d223865baf510a737d [Куплю каску б/у Petzl Ecrin Roc]
[2015-05-14 19:15:49 +0300] http://travel.org.ua/forums/./viewtopic.php?f=63&t=100497&sid=3b840a2d4bf029d223865baf510a737d [Продам жумары Petzl новые, левые и правые.]
[2015-05-14 19:15:50 +0300] http://travel.org.ua/forums/./viewtopic.php?f=63&t=100446&sid=3b840a2d4bf029d223865baf510a737d [продам скальные туфли La Sportiva Mythos 36р]
[2015-05-14 19:15:50 +0300] http://travel.org.ua/forums/./viewtopic.php?f=63&t=100128&sid=3b840a2d4bf029d223865baf510a737d [Продам спусковое устройство Petzl Pirana]
[2015-05-14 19:15:50 +0300] http://travel.org.ua/forums/./viewtopic.php?f=63&t=100124&sid=3b840a2d4bf029d223865baf510a737d [куплю кошки автомат бу]
[2015-05-14 19:15:50 +0300] http://travel.org.ua/forums/./viewtopic.php?f=63&t=89602&sid=3b840a2d4bf029d223865baf510a737d [Продам крючья, камалоты и закладные элементы Black Diamond.]
[2015-05-14 19:15:51 +0300] http://travel.org.ua/forums/./viewtopic.php?f=63&t=88821&sid=3b840a2d4bf029d223865baf510a737d [Продам кошки Black Diamond]
[2015-05-14 19:15:51 +0300] http://travel.org.ua/forums/./viewtopic.php?f=63&t=99679&sid=3b840a2d4bf029d223865baf510a737d [Продам френды Rock Empire]
[2015-05-14 19:15:51 +0300] http://travel.org.ua/forums/./viewtopic.php?f=63&t=99527&sid=3b840a2d4bf029d223865baf510a737d [Продам новые скальные туфли La Sportiva Testarossa]
[2015-05-14 19:15:52 +0300] http://travel.org.ua/forums/./viewtopic.php?f=63&t=99164&sid=3b840a2d4bf029d223865baf510a737d [Куплю кошки,ледоруб]
[2015-05-14 19:15:52 +0300] http://travel.org.ua/forums/./viewtopic.php?f=63&t=98726&sid=3b840a2d4bf029d223865baf510a737d [Продам Petzl ID ' L или обменяю на ID ' S, Rig]
[2015-05-14 19:15:52 +0300] http://travel.org.ua/forums/./viewtopic.php?f=63&t=98640&sid=3b840a2d4bf029d223865baf510a737d [Продам Petzl Gri-gri 1 новое]
[2015-05-14 19:15:52 +0300] http://travel.org.ua/forums/./viewtopic.php?f=63&t=98495&sid=3b840a2d4bf029d223865baf510a737d [Продам кошки Camp Stalker]
[2015-05-14 19:15:53 +0300] http://travel.org.ua/forums/./viewtopic.php?f=63&t=98497&sid=3b840a2d4bf029d223865baf510a737d [Продам ботинки Scarpa Rebel GTX Carbon]
[2015-05-14 19:15:53 +0300] http://travel.org.ua/forums/./viewtopic.php?f=63&t=98221&sid=3b840a2d4bf029d223865baf510a737d [Система облегченная Black Diamond couloir - продано]
[2015-05-14 19:15:53 +0300] http://travel.org.ua/forums/./viewtopic.php?f=63&t=97239&sid=3b840a2d4bf029d223865baf510a737d [грудная обвязка petzl serpentine(100грн.)]
[2015-05-14 19:15:53 +0300] http://travel.org.ua/forums/./viewtopic.php?f=25&t=73652&sid=3221ba88672b71a66c376af5dd08cfc9 [Продам сірники Uco Stormproof, Coghlan's Waterproof]
[2015-05-14 19:15:53 +0300] http://travel.org.ua/forums/./viewtopic.php?f=25&t=94352&sid=3221ba88672b71a66c376af5dd08cfc9 [Продам трэкинговые палки Black Diamond]
[2015-05-14 19:15:54 +0300] http://travel.org.ua/forums/./viewtopic.php?f=25&t=103277&sid=3221ba88672b71a66c376af5dd08cfc9 [Поясная сумка The North Face Waterproof Lumbar]
[2015-05-14 19:15:54 +0300] http://travel.org.ua/forums/./viewtopic.php?f=25&t=101871&sid=3221ba88672b71a66c376af5dd08cfc9 [Штаны Columbia]
[2015-05-14 19:15:54 +0300] http://travel.org.ua/forums/./viewtopic.php?f=25&t=89955&sid=3221ba88672b71a66c376af5dd08cfc9 [Распродажа Велосипеды в наличии и под заказ Mifa]
[2015-05-14 19:15:54 +0300] http://travel.org.ua/forums/./viewtopic.php?f=25&t=103425&sid=3221ba88672b71a66c376af5dd08cfc9 [Продам  Кошки Climbing Technology 3I818A Nevis]
[2015-05-14 19:15:55 +0300] http://travel.org.ua/forums/./viewtopic.php?f=25&t=100129&sid=3221ba88672b71a66c376af5dd08cfc9 [Неопреновая куртка Ordana Neo 2 mm Размер М]
.....................................................